-----------------Initial [2018/05/03 19:08:48] -----------------
Version: 430.1516246645
HttpServerPort: 2324
TcpServerPort: 2323
DeveloperTrace: Single
TracePrint: False
EnableStackView: True
SessionTimeOut: 1800
BasePath: D:\gq\change\v0.1\v0.1\bin\Debug\
DefaultImagePath: D:\gq\change\v0.1\v0.1\bin\Debug\Resources\Image
DefaultAudioPath: D:\gq\change\v0.1\v0.1\bin\Debug\Resources\Audio
DefaultDocumentPath: D:\gq\change\v0.1\v0.1\bin\Debug\Resources\Document
DefaultUploadPath: D:\gq\change\v0.1\v0.1\bin\Debug\Resources\Upload
DefaultMediaPath: D:\gq\change\v0.1\v0.1\bin\Debug\Resources\Media
DefaultWebPath: D:\gq\change\v0.1\v0.1\bin\Debug\Resources\Web


-----------------Initial [2018/05/03 19:24:39] -----------------
Version: 430.1516246645
HttpServerPort: 2324
TcpServerPort: 2323
DeveloperTrace: Single
TracePrint: False
EnableStackView: True
SessionTimeOut: 1800
BasePath: D:\gq\change\v0.1\v0.1\bin\Debug\
DefaultImagePath: D:\gq\change\v0.1\v0.1\bin\Debug\Resources\Image
DefaultAudioPath: D:\gq\change\v0.1\v0.1\bin\Debug\Resources\Audio
DefaultDocumentPath: D:\gq\change\v0.1\v0.1\bin\Debug\Resources\Document
DefaultUploadPath: D:\gq\change\v0.1\v0.1\bin\Debug\Resources\Upload
DefaultMediaPath: D:\gq\change\v0.1\v0.1\bin\Debug\Resources\Media
DefaultWebPath: D:\gq\change\v0.1\v0.1\bin\Debug\Resources\Web


-----------------Initial [2018/05/03 19:26:20] -----------------
Version: 430.1516246645
HttpServerPort: 2324
TcpServerPort: 2323
DeveloperTrace: Single
TracePrint: False
EnableStackView: True
SessionTimeOut: 1800
BasePath: D:\gq\change\v0.1\v0.1\bin\Debug\
DefaultImagePath: D:\gq\change\v0.1\v0.1\bin\Debug\Resources\Image
DefaultAudioPath: D:\gq\change\v0.1\v0.1\bin\Debug\Resources\Audio
DefaultDocumentPath: D:\gq\change\v0.1\v0.1\bin\Debug\Resources\Document
DefaultUploadPath: D:\gq\change\v0.1\v0.1\bin\Debug\Resources\Upload
DefaultMediaPath: D:\gq\change\v0.1\v0.1\bin\Debug\Resources\Media
DefaultWebPath: D:\gq\change\v0.1\v0.1\bin\Debug\Resources\Web


-----------------4BEC9CE2_F471_4FBE_A8D1_C4F6AA96ED3A [2018/05/03 19:33:50] -----------------
{"deviceOS":"IOS","deviceOSVersion":"11.2.5","deviceModel":"iPhone9,2","screenSize":{"width":1242,"height":2208},"density":3.0,"version":"4.3.0","coreVersion":"4.3.0"}

-----------------Initial [2018/05/03 19:34:34] -----------------
Version: 430.1516246645
HttpServerPort: 2324
TcpServerPort: 2323
DeveloperTrace: Single
TracePrint: False
EnableStackView: True
SessionTimeOut: 1800
BasePath: D:\gq\change\v0.1\v0.1\bin\Debug\
DefaultImagePath: D:\gq\change\v0.1\v0.1\bin\Debug\Resources\Image
DefaultAudioPath: D:\gq\change\v0.1\v0.1\bin\Debug\Resources\Audio
DefaultDocumentPath: D:\gq\change\v0.1\v0.1\bin\Debug\Resources\Document
DefaultUploadPath: D:\gq\change\v0.1\v0.1\bin\Debug\Resources\Upload
DefaultMediaPath: D:\gq\change\v0.1\v0.1\bin\Debug\Resources\Media
DefaultWebPath: D:\gq\change\v0.1\v0.1\bin\Debug\Resources\Web


-----------------Initial [2018/05/03 19:47:56] -----------------
Version: 430.1516246645
HttpServerPort: 2324
TcpServerPort: 2323
DeveloperTrace: Single
TracePrint: False
EnableStackView: True
SessionTimeOut: 1800
BasePath: D:\gq\change\v0.1\v0.1\bin\Debug\
DefaultImagePath: D:\gq\change\v0.1\v0.1\bin\Debug\Resources\Image
DefaultAudioPath: D:\gq\change\v0.1\v0.1\bin\Debug\Resources\Audio
DefaultDocumentPath: D:\gq\change\v0.1\v0.1\bin\Debug\Resources\Document
DefaultUploadPath: D:\gq\change\v0.1\v0.1\bin\Debug\Resources\Upload
DefaultMediaPath: D:\gq\change\v0.1\v0.1\bin\Debug\Resources\Media
DefaultWebPath: D:\gq\change\v0.1\v0.1\bin\Debug\Resources\Web


-----------------4BEC9CE2_F471_4FBE_A8D1_C4F6AA96ED3A [2018/05/03 19:48:01] -----------------
{"deviceOS":"IOS","deviceOSVersion":"11.2.5","deviceModel":"iPhone9,2","screenSize":{"width":1242,"height":2208},"density":3.0,"version":"4.3.0","coreVersion":"4.3.0"}

-----------------Initial [2018/05/03 19:48:41] -----------------
Version: 430.1516246645
HttpServerPort: 2324
TcpServerPort: 2323
DeveloperTrace: Single
TracePrint: False
EnableStackView: True
SessionTimeOut: 1800
BasePath: D:\gq\change\v0.1\v0.1\bin\Debug\
DefaultImagePath: D:\gq\change\v0.1\v0.1\bin\Debug\Resources\Image
DefaultAudioPath: D:\gq\change\v0.1\v0.1\bin\Debug\Resources\Audio
DefaultDocumentPath: D:\gq\change\v0.1\v0.1\bin\Debug\Resources\Document
DefaultUploadPath: D:\gq\change\v0.1\v0.1\bin\Debug\Resources\Upload
DefaultMediaPath: D:\gq\change\v0.1\v0.1\bin\Debug\Resources\Media
DefaultWebPath: D:\gq\change\v0.1\v0.1\bin\Debug\Resources\Web


-----------------4BEC9CE2_F471_4FBE_A8D1_C4F6AA96ED3A [2018/05/03 19:48:42] -----------------
{"deviceOS":"IOS","deviceOSVersion":"11.2.5","deviceModel":"iPhone9,2","screenSize":{"width":1242,"height":2208},"density":3.0,"version":"4.3.0","coreVersion":"4.3.0"}

-----------------Initial [2018/05/03 19:54:56] -----------------
Version: 430.1516246645
HttpServerPort: 2324
TcpServerPort: 2323
DeveloperTrace: Single
TracePrint: False
EnableStackView: True
SessionTimeOut: 1800
BasePath: D:\gq\change\v0.1\v0.1\bin\Debug\
DefaultImagePath: D:\gq\change\v0.1\v0.1\bin\Debug\Resources\Image
DefaultAudioPath: D:\gq\change\v0.1\v0.1\bin\Debug\Resources\Audio
DefaultDocumentPath: D:\gq\change\v0.1\v0.1\bin\Debug\Resources\Document
DefaultUploadPath: D:\gq\change\v0.1\v0.1\bin\Debug\Resources\Upload
DefaultMediaPath: D:\gq\change\v0.1\v0.1\bin\Debug\Resources\Media
DefaultWebPath: D:\gq\change\v0.1\v0.1\bin\Debug\Resources\Web


-----------------4BEC9CE2_F471_4FBE_A8D1_C4F6AA96ED3A [2018/05/03 19:54:57] -----------------
{"deviceOS":"IOS","deviceOSVersion":"11.2.5","deviceModel":"iPhone9,2","screenSize":{"width":1242,"height":2208},"density":3.0,"version":"4.3.0","coreVersion":"4.3.0"}

